{"/home/skinnyk/NoroffFED/WORKFLOW_ca/tailwind.config.js": {"path":"/home/skinnyk/NoroffFED/WORKFLOW_ca/tailwind.config.js","statementMap":{"0":{"start":{"line":2,"column":0},"end":{"line":8,"column":2}}},"fnMap":{},"branchMap":{},"s":{"0":0},"f":{},"b":{}}
,"/home/skinnyk/NoroffFED/WORKFLOW_ca/js/config.js": {"path":"/home/skinnyk/NoroffFED/WORKFLOW_ca/js/config.js","statementMap":{"0":{"start":{"line":1,"column":22},"end":{"line":3,"column":1}}},"fnMap":{},"branchMap":{},"s":{"0":0},"f":{},"b":{}}
,"/home/skinnyk/NoroffFED/WORKFLOW_ca/js/main.js": {"path":"/home/skinnyk/NoroffFED/WORKFLOW_ca/js/main.js","statementMap":{"0":{"start":{"line":9,"column":1},"end":{"line":9,"column":14}},"1":{"start":{"line":10,"column":1},"end":{"line":10,"column":24}},"2":{"start":{"line":12,"column":14},"end":{"line":12,"column":38}},"3":{"start":{"line":13,"column":1},"end":{"line":13,"column":19}},"4":{"start":{"line":15,"column":1},"end":{"line":23,"column":2}},"5":{"start":{"line":16,"column":2},"end":{"line":16,"column":21}},"6":{"start":{"line":17,"column":8},"end":{"line":23,"column":2}},"7":{"start":{"line":18,"column":2},"end":{"line":18,"column":22}},"8":{"start":{"line":19,"column":8},"end":{"line":23,"column":2}},"9":{"start":{"line":20,"column":2},"end":{"line":20,"column":25}},"10":{"start":{"line":21,"column":8},"end":{"line":23,"column":2}},"11":{"start":{"line":22,"column":2},"end":{"line":22,"column":17}},"12":{"start":{"line":26,"column":0},"end":{"line":26,"column":16}}},"fnMap":{"0":{"name":"initializeApp","decl":{"start":{"line":8,"column":9},"end":{"line":8,"column":22}},"loc":{"start":{"line":8,"column":25},"end":{"line":24,"column":1}}}},"branchMap":{"0":{"loc":{"start":{"line":15,"column":1},"end":{"line":23,"column":2}},"type":"if","locations":[{"start":{"line":15,"column":1},"end":{"line":23,"column":2}},{"start":{"line":17,"column":8},"end":{"line":23,"column":2}}]},"1":{"loc":{"start":{"line":15,"column":5},"end":{"line":15,"column":43}},"type":"binary-expr","locations":[{"start":{"line":15,"column":5},"end":{"line":15,"column":17}},{"start":{"line":15,"column":21},"end":{"line":15,"column":43}}]},"2":{"loc":{"start":{"line":17,"column":8},"end":{"line":23,"column":2}},"type":"if","locations":[{"start":{"line":17,"column":8},"end":{"line":23,"column":2}},{"start":{"line":19,"column":8},"end":{"line":23,"column":2}}]},"3":{"loc":{"start":{"line":19,"column":8},"end":{"line":23,"column":2}},"type":"if","locations":[{"start":{"line":19,"column":8},"end":{"line":23,"column":2}},{"start":{"line":21,"column":8},"end":{"line":23,"column":2}}]},"4":{"loc":{"start":{"line":21,"column":8},"end":{"line":23,"column":2}},"type":"if","locations":[{"start":{"line":21,"column":8},"end":{"line":23,"column":2}},{"start":{},"end":{}}]}},"s":{"0":0,"1":0,"2":0,"3":0,"4":0,"5":0,"6":0,"7":0,"8":0,"9":0,"10":0,"11":0,"12":0},"f":{"0":0},"b":{"0":[0,0],"1":[0,0],"2":[0,0],"3":[0,0],"4":[0,0]}}
,"/home/skinnyk/NoroffFED/WORKFLOW_ca/js/api/auth/login.js": {"path":"/home/skinnyk/NoroffFED/WORKFLOW_ca/js/api/auth/login.js","statementMap":{"0":{"start":{"line":4,"column":13},"end":{"line":4,"column":41}},"1":{"start":{"line":6,"column":17},"end":{"line":12,"column":2}},"2":{"start":{"line":14,"column":18},"end":{"line":14,"column":43}},"3":{"start":{"line":15,"column":14},"end":{"line":15,"column":35}},"4":{"start":{"line":17,"column":1},"end":{"line":19,"column":2}},"5":{"start":{"line":18,"column":2},"end":{"line":18,"column":63}},"6":{"start":{"line":21,"column":1},"end":{"line":21,"column":13}}},"fnMap":{"0":{"name":"login","decl":{"start":{"line":3,"column":22},"end":{"line":3,"column":27}},"loc":{"start":{"line":3,"column":34},"end":{"line":22,"column":1}}}},"branchMap":{"0":{"loc":{"start":{"line":17,"column":1},"end":{"line":19,"column":2}},"type":"if","locations":[{"start":{"line":17,"column":1},"end":{"line":19,"column":2}},{"start":{},"end":{}}]},"1":{"loc":{"start":{"line":18,"column":18},"end":{"line":18,"column":61}},"type":"binary-expr","locations":[{"start":{"line":18,"column":18},"end":{"line":18,"column":43}},{"start":{"line":18,"column":47},"end":{"line":18,"column":61}}]}},"s":{"0":0,"1":0,"2":0,"3":0,"4":0,"5":0,"6":0},"f":{"0":0},"b":{"0":[0,0],"1":[0,0]}}
,"/home/skinnyk/NoroffFED/WORKFLOW_ca/js/api/auth/register.js": {"path":"/home/skinnyk/NoroffFED/WORKFLOW_ca/js/api/auth/register.js","statementMap":{"0":{"start":{"line":4,"column":13},"end":{"line":4,"column":44}},"1":{"start":{"line":6,"column":17},"end":{"line":12,"column":2}},"2":{"start":{"line":14,"column":18},"end":{"line":14,"column":43}},"3":{"start":{"line":15,"column":14},"end":{"line":15,"column":35}},"4":{"start":{"line":17,"column":1},"end":{"line":19,"column":2}},"5":{"start":{"line":18,"column":2},"end":{"line":18,"column":44}},"6":{"start":{"line":21,"column":1},"end":{"line":21,"column":13}}},"fnMap":{"0":{"name":"register","decl":{"start":{"line":3,"column":22},"end":{"line":3,"column":30}},"loc":{"start":{"line":3,"column":37},"end":{"line":22,"column":1}}}},"branchMap":{"0":{"loc":{"start":{"line":17,"column":1},"end":{"line":19,"column":2}},"type":"if","locations":[{"start":{"line":17,"column":1},"end":{"line":19,"column":2}},{"start":{},"end":{}}]}},"s":{"0":0,"1":0,"2":0,"3":0,"4":0,"5":0,"6":0},"f":{"0":0},"b":{"0":[0,0]}}
,"/home/skinnyk/NoroffFED/WORKFLOW_ca/js/api/venues/getVenue.js": {"path":"/home/skinnyk/NoroffFED/WORKFLOW_ca/js/api/venues/getVenue.js","statementMap":{"0":{"start":{"line":4,"column":1},"end":{"line":6,"column":2}},"1":{"start":{"line":5,"column":2},"end":{"line":5,"column":36}},"2":{"start":{"line":8,"column":13},"end":{"line":8,"column":43}},"3":{"start":{"line":10,"column":18},"end":{"line":10,"column":34}},"4":{"start":{"line":11,"column":14},"end":{"line":11,"column":35}},"5":{"start":{"line":12,"column":1},"end":{"line":12,"column":19}},"6":{"start":{"line":14,"column":1},"end":{"line":16,"column":2}},"7":{"start":{"line":15,"column":2},"end":{"line":15,"column":72}},"8":{"start":{"line":18,"column":1},"end":{"line":18,"column":13}}},"fnMap":{"0":{"name":"getVenue","decl":{"start":{"line":3,"column":22},"end":{"line":3,"column":30}},"loc":{"start":{"line":3,"column":35},"end":{"line":19,"column":1}}}},"branchMap":{"0":{"loc":{"start":{"line":4,"column":1},"end":{"line":6,"column":2}},"type":"if","locations":[{"start":{"line":4,"column":1},"end":{"line":6,"column":2}},{"start":{},"end":{}}]},"1":{"loc":{"start":{"line":14,"column":1},"end":{"line":16,"column":2}},"type":"if","locations":[{"start":{"line":14,"column":1},"end":{"line":16,"column":2}},{"start":{},"end":{}}]},"2":{"loc":{"start":{"line":15,"column":18},"end":{"line":15,"column":70}},"type":"binary-expr","locations":[{"start":{"line":15,"column":18},"end":{"line":15,"column":43}},{"start":{"line":15,"column":47},"end":{"line":15,"column":70}}]}},"s":{"0":0,"1":0,"2":0,"3":0,"4":0,"5":0,"6":0,"7":0,"8":0},"f":{"0":0},"b":{"0":[0,0],"1":[0,0],"2":[0,0]}}
,"/home/skinnyk/NoroffFED/WORKFLOW_ca/js/api/venues/getVenues.js": {"path":"/home/skinnyk/NoroffFED/WORKFLOW_ca/js/api/venues/getVenues.js","statementMap":{"0":{"start":{"line":4,"column":13},"end":{"line":4,"column":37}},"1":{"start":{"line":6,"column":18},"end":{"line":6,"column":34}},"2":{"start":{"line":7,"column":14},"end":{"line":7,"column":35}},"3":{"start":{"line":8,"column":1},"end":{"line":8,"column":19}},"4":{"start":{"line":10,"column":1},"end":{"line":12,"column":2}},"5":{"start":{"line":11,"column":2},"end":{"line":11,"column":73}},"6":{"start":{"line":14,"column":1},"end":{"line":14,"column":13}}},"fnMap":{"0":{"name":"getVenues","decl":{"start":{"line":3,"column":22},"end":{"line":3,"column":31}},"loc":{"start":{"line":3,"column":34},"end":{"line":15,"column":1}}}},"branchMap":{"0":{"loc":{"start":{"line":10,"column":1},"end":{"line":12,"column":2}},"type":"if","locations":[{"start":{"line":10,"column":1},"end":{"line":12,"column":2}},{"start":{},"end":{}}]},"1":{"loc":{"start":{"line":11,"column":18},"end":{"line":11,"column":71}},"type":"binary-expr","locations":[{"start":{"line":11,"column":18},"end":{"line":11,"column":43}},{"start":{"line":11,"column":47},"end":{"line":11,"column":71}}]}},"s":{"0":0,"1":0,"2":0,"3":0,"4":0,"5":0,"6":0},"f":{"0":0},"b":{"0":[0,0],"1":[0,0]}}
,"/home/skinnyk/NoroffFED/WORKFLOW_ca/js/constants/messages.js": {"path":"/home/skinnyk/NoroffFED/WORKFLOW_ca/js/constants/messages.js","statementMap":{"0":{"start":{"line":1,"column":17},"end":{"line":6,"column":1}}},"fnMap":{},"branchMap":{},"s":{"0":0},"f":{},"b":{}}
,"/home/skinnyk/NoroffFED/WORKFLOW_ca/js/listeners/auth/loginFormListener.js": {"path":"/home/skinnyk/NoroffFED/WORKFLOW_ca/js/listeners/auth/loginFormListener.js","statementMap":{"0":{"start":{"line":7,"column":1},"end":{"line":7,"column":24}},"1":{"start":{"line":8,"column":14},"end":{"line":8,"column":26}},"2":{"start":{"line":10,"column":26},"end":{"line":10,"column":70}},"3":{"start":{"line":11,"column":18},"end":{"line":11,"column":48}},"4":{"start":{"line":12,"column":22},"end":{"line":12,"column":65}},"5":{"start":{"line":14,"column":1},"end":{"line":14,"column":33}},"6":{"start":{"line":16,"column":18},"end":{"line":16,"column":36}},"7":{"start":{"line":17,"column":17},"end":{"line":17,"column":55}},"8":{"start":{"line":19,"column":26},"end":{"line":19,"column":76}},"9":{"start":{"line":21,"column":1},"end":{"line":27,"column":2}},"10":{"start":{"line":22,"column":20},"end":{"line":24,"column":12}},"11":{"start":{"line":23,"column":19},"end":{"line":23,"column":57}},"12":{"start":{"line":25,"column":2},"end":{"line":25,"column":55}},"13":{"start":{"line":26,"column":2},"end":{"line":26,"column":9}},"14":{"start":{"line":29,"column":1},"end":{"line":29,"column":26}},"15":{"start":{"line":30,"column":1},"end":{"line":30,"column":44}},"16":{"start":{"line":32,"column":1},"end":{"line":42,"column":2}},"17":{"start":{"line":33,"column":35},"end":{"line":33,"column":55}},"18":{"start":{"line":34,"column":2},"end":{"line":34,"column":25}},"19":{"start":{"line":35,"column":2},"end":{"line":35,"column":17}},"20":{"start":{"line":36,"column":2},"end":{"line":36,"column":29}},"21":{"start":{"line":38,"column":2},"end":{"line":38,"column":59}},"22":{"start":{"line":40,"column":2},"end":{"line":40,"column":28}},"23":{"start":{"line":41,"column":2},"end":{"line":41,"column":37}},"24":{"start":{"line":46,"column":14},"end":{"line":46,"column":50}},"25":{"start":{"line":48,"column":1},"end":{"line":50,"column":2}},"26":{"start":{"line":49,"column":2},"end":{"line":49,"column":53}}},"fnMap":{"0":{"name":"handleLoginSubmit","decl":{"start":{"line":6,"column":15},"end":{"line":6,"column":32}},"loc":{"start":{"line":6,"column":40},"end":{"line":43,"column":1}}},"1":{"name":"(anonymous_1)","decl":{"start":{"line":23,"column":8},"end":{"line":23,"column":9}},"loc":{"start":{"line":23,"column":19},"end":{"line":23,"column":57}}},"2":{"name":"loginFormListener","decl":{"start":{"line":45,"column":16},"end":{"line":45,"column":33}},"loc":{"start":{"line":45,"column":36},"end":{"line":51,"column":1}}}},"branchMap":{"0":{"loc":{"start":{"line":21,"column":1},"end":{"line":27,"column":2}},"type":"if","locations":[{"start":{"line":21,"column":1},"end":{"line":27,"column":2}},{"start":{},"end":{}}]},"1":{"loc":{"start":{"line":48,"column":1},"end":{"line":50,"column":2}},"type":"if","locations":[{"start":{"line":48,"column":1},"end":{"line":50,"column":2}},{"start":{},"end":{}}]}},"s":{"0":0,"1":0,"2":0,"3":0,"4":0,"5":0,"6":0,"7":0,"8":0,"9":0,"10":0,"11":0,"12":0,"13":0,"14":0,"15":0,"16":0,"17":0,"18":0,"19":0,"20":0,"21":0,"22":0,"23":0,"24":0,"25":0,"26":0},"f":{"0":0,"1":0,"2":0},"b":{"0":[0,0],"1":[0,0]}}
,"/home/skinnyk/NoroffFED/WORKFLOW_ca/js/listeners/auth/logoutButtonListener.js": {"path":"/home/skinnyk/NoroffFED/WORKFLOW_ca/js/listeners/auth/logoutButtonListener.js","statementMap":{"0":{"start":{"line":4,"column":22},"end":{"line":4,"column":61}},"1":{"start":{"line":5,"column":1},"end":{"line":5,"column":27}},"2":{"start":{"line":7,"column":1},"end":{"line":12,"column":2}},"3":{"start":{"line":8,"column":2},"end":{"line":11,"column":5}},"4":{"start":{"line":9,"column":3},"end":{"line":9,"column":18}},"5":{"start":{"line":10,"column":3},"end":{"line":10,"column":35}}},"fnMap":{"0":{"name":"logoutButtonListener","decl":{"start":{"line":3,"column":16},"end":{"line":3,"column":36}},"loc":{"start":{"line":3,"column":39},"end":{"line":13,"column":1}}},"1":{"name":"(anonymous_1)","decl":{"start":{"line":8,"column":41},"end":{"line":8,"column":42}},"loc":{"start":{"line":8,"column":47},"end":{"line":11,"column":3}}}},"branchMap":{"0":{"loc":{"start":{"line":7,"column":1},"end":{"line":12,"column":2}},"type":"if","locations":[{"start":{"line":7,"column":1},"end":{"line":12,"column":2}},{"start":{},"end":{}}]}},"s":{"0":0,"1":0,"2":0,"3":0,"4":0,"5":0},"f":{"0":0,"1":0},"b":{"0":[0,0]}}
,"/home/skinnyk/NoroffFED/WORKFLOW_ca/js/listeners/auth/registerFormListener.js": {"path":"/home/skinnyk/NoroffFED/WORKFLOW_ca/js/listeners/auth/registerFormListener.js","statementMap":{"0":{"start":{"line":6,"column":1},"end":{"line":6,"column":24}},"1":{"start":{"line":7,"column":14},"end":{"line":7,"column":26}},"2":{"start":{"line":9,"column":26},"end":{"line":9,"column":70}},"3":{"start":{"line":11,"column":1},"end":{"line":11,"column":33}},"4":{"start":{"line":13,"column":18},"end":{"line":13,"column":36}},"5":{"start":{"line":14,"column":17},"end":{"line":14,"column":55}},"6":{"start":{"line":16,"column":1},"end":{"line":26,"column":2}},"7":{"start":{"line":17,"column":2},"end":{"line":17,"column":26}},"8":{"start":{"line":18,"column":2},"end":{"line":22,"column":4}},"9":{"start":{"line":23,"column":2},"end":{"line":23,"column":15}},"10":{"start":{"line":25,"column":2},"end":{"line":25,"column":59}},"11":{"start":{"line":30,"column":14},"end":{"line":30,"column":53}},"12":{"start":{"line":32,"column":1},"end":{"line":34,"column":2}},"13":{"start":{"line":33,"column":2},"end":{"line":33,"column":56}}},"fnMap":{"0":{"name":"handleRegisterSubmit","decl":{"start":{"line":5,"column":15},"end":{"line":5,"column":35}},"loc":{"start":{"line":5,"column":43},"end":{"line":27,"column":1}}},"1":{"name":"registerFormListener","decl":{"start":{"line":29,"column":16},"end":{"line":29,"column":36}},"loc":{"start":{"line":29,"column":39},"end":{"line":35,"column":1}}}},"branchMap":{"0":{"loc":{"start":{"line":32,"column":1},"end":{"line":34,"column":2}},"type":"if","locations":[{"start":{"line":32,"column":1},"end":{"line":34,"column":2}},{"start":{},"end":{}}]}},"s":{"0":0,"1":0,"2":0,"3":0,"4":0,"5":0,"6":0,"7":0,"8":0,"9":0,"10":0,"11":0,"12":0,"13":0},"f":{"0":0,"1":0},"b":{"0":[0,0]}}
,"/home/skinnyk/NoroffFED/WORKFLOW_ca/js/listeners/venues/displayVenue.js": {"path":"/home/skinnyk/NoroffFED/WORKFLOW_ca/js/listeners/venues/displayVenue.js","statementMap":{"0":{"start":{"line":9,"column":12},"end":{"line":9,"column":31}},"1":{"start":{"line":11,"column":1},"end":{"line":13,"column":2}},"2":{"start":{"line":12,"column":2},"end":{"line":12,"column":29}},"3":{"start":{"line":14,"column":19},"end":{"line":14,"column":61}},"4":{"start":{"line":16,"column":1},"end":{"line":25,"column":2}},"5":{"start":{"line":17,"column":16},"end":{"line":17,"column":34}},"6":{"start":{"line":18,"column":19},"end":{"line":18,"column":24}},"7":{"start":{"line":19,"column":2},"end":{"line":19,"column":26}},"8":{"start":{"line":20,"column":2},"end":{"line":20,"column":20}},"9":{"start":{"line":21,"column":2},"end":{"line":21,"column":32}},"10":{"start":{"line":23,"column":2},"end":{"line":23,"column":21}},"11":{"start":{"line":24,"column":2},"end":{"line":24,"column":52}}},"fnMap":{"0":{"name":"displayVenue","decl":{"start":{"line":8,"column":22},"end":{"line":8,"column":34}},"loc":{"start":{"line":8,"column":37},"end":{"line":26,"column":1}}}},"branchMap":{"0":{"loc":{"start":{"line":11,"column":1},"end":{"line":13,"column":2}},"type":"if","locations":[{"start":{"line":11,"column":1},"end":{"line":13,"column":2}},{"start":{},"end":{}}]}},"s":{"0":0,"1":0,"2":0,"3":0,"4":0,"5":0,"6":0,"7":0,"8":0,"9":0,"10":0,"11":0},"f":{"0":0},"b":{"0":[0,0]}}
,"/home/skinnyk/NoroffFED/WORKFLOW_ca/js/listeners/venues/displayVenueList.js": {"path":"/home/skinnyk/NoroffFED/WORKFLOW_ca/js/listeners/venues/displayVenueList.js","statementMap":{"0":{"start":{"line":6,"column":19},"end":{"line":6,"column":61}},"1":{"start":{"line":8,"column":1},"end":{"line":14,"column":2}},"2":{"start":{"line":9,"column":17},"end":{"line":9,"column":34}},"3":{"start":{"line":10,"column":2},"end":{"line":10,"column":37}},"4":{"start":{"line":12,"column":2},"end":{"line":12,"column":21}},"5":{"start":{"line":13,"column":2},"end":{"line":13,"column":52}}},"fnMap":{"0":{"name":"displayVenueList","decl":{"start":{"line":5,"column":22},"end":{"line":5,"column":38}},"loc":{"start":{"line":5,"column":41},"end":{"line":15,"column":1}}}},"branchMap":{},"s":{"0":0,"1":0,"2":0,"3":0,"4":0,"5":0},"f":{"0":0},"b":{}}
,"/home/skinnyk/NoroffFED/WORKFLOW_ca/js/ui/common/createMenu.js": {"path":"/home/skinnyk/NoroffFED/WORKFLOW_ca/js/ui/common/createMenu.js","statementMap":{"0":{"start":{"line":5,"column":19},"end":{"line":5,"column":60}},"1":{"start":{"line":6,"column":21},"end":{"line":6,"column":45}},"2":{"start":{"line":7,"column":18},"end":{"line":7,"column":31}},"3":{"start":{"line":9,"column":23},"end":{"line":17,"column":2}},"4":{"start":{"line":10,"column":19},"end":{"line":10,"column":69}},"5":{"start":{"line":11,"column":22},"end":{"line":13,"column":37}},"6":{"start":{"line":14,"column":2},"end":{"line":16,"column":18}},"7":{"start":{"line":19,"column":16},"end":{"line":19,"column":48}},"8":{"start":{"line":21,"column":1},"end":{"line":28,"column":2}},"9":{"start":{"line":22,"column":2},"end":{"line":27,"column":6}},"10":{"start":{"line":30,"column":1},"end":{"line":42,"column":4}}},"fnMap":{"0":{"name":"createMenu","decl":{"start":{"line":4,"column":16},"end":{"line":4,"column":26}},"loc":{"start":{"line":4,"column":29},"end":{"line":43,"column":1}}},"1":{"name":"(anonymous_1)","decl":{"start":{"line":9,"column":23},"end":{"line":9,"column":24}},"loc":{"start":{"line":9,"column":39},"end":{"line":17,"column":2}}}},"branchMap":{"0":{"loc":{"start":{"line":10,"column":19},"end":{"line":10,"column":69}},"type":"binary-expr","locations":[{"start":{"line":10,"column":19},"end":{"line":10,"column":50}},{"start":{"line":10,"column":54},"end":{"line":10,"column":69}}]},"1":{"loc":{"start":{"line":11,"column":22},"end":{"line":13,"column":37}},"type":"cond-expr","locations":[{"start":{"line":12,"column":5},"end":{"line":12,"column":20}},{"start":{"line":13,"column":5},"end":{"line":13,"column":37}}]},"2":{"loc":{"start":{"line":15,"column":3},"end":{"line":15,"column":30}},"type":"cond-expr","locations":[{"start":{"line":15,"column":14},"end":{"line":15,"column":25}},{"start":{"line":15,"column":28},"end":{"line":15,"column":30}}]},"3":{"loc":{"start":{"line":21,"column":1},"end":{"line":28,"column":2}},"type":"if","locations":[{"start":{"line":21,"column":1},"end":{"line":28,"column":2}},{"start":{},"end":{}}]},"4":{"loc":{"start":{"line":39,"column":10},"end":{"line":39,"column":64}},"type":"cond-expr","locations":[{"start":{"line":39,"column":21},"end":{"line":39,"column":23}},{"start":{"line":39,"column":26},"end":{"line":39,"column":64}}]}},"s":{"0":0,"1":0,"2":0,"3":0,"4":0,"5":0,"6":0,"7":0,"8":0,"9":0,"10":0},"f":{"0":0,"1":0},"b":{"0":[0,0],"1":[0,0],"2":[0,0],"3":[0,0],"4":[0,0]}}
,"/home/skinnyk/NoroffFED/WORKFLOW_ca/js/ui/common/displayMessage.js": {"path":"/home/skinnyk/NoroffFED/WORKFLOW_ca/js/ui/common/displayMessage.js","statementMap":{"0":{"start":{"line":4,"column":1},"end":{"line":8,"column":2}},"1":{"start":{"line":5,"column":2},"end":{"line":5,"column":45}},"2":{"start":{"line":7,"column":2},"end":{"line":7,"column":21}},"3":{"start":{"line":10,"column":21},"end":{"line":10,"column":49}},"4":{"start":{"line":11,"column":19},"end":{"line":11,"column":21}},"5":{"start":{"line":13,"column":1},"end":{"line":25,"column":2}},"6":{"start":{"line":15,"column":3},"end":{"line":15,"column":58}},"7":{"start":{"line":16,"column":3},"end":{"line":16,"column":9}},"8":{"start":{"line":18,"column":3},"end":{"line":18,"column":64}},"9":{"start":{"line":19,"column":3},"end":{"line":19,"column":9}},"10":{"start":{"line":21,"column":3},"end":{"line":21,"column":67}},"11":{"start":{"line":22,"column":3},"end":{"line":22,"column":9}},"12":{"start":{"line":24,"column":3},"end":{"line":24,"column":61}},"13":{"start":{"line":27,"column":1},"end":{"line":27,"column":95}}},"fnMap":{"0":{"name":"displayMessage","decl":{"start":{"line":1,"column":16},"end":{"line":1,"column":30}},"loc":{"start":{"line":1,"column":64},"end":{"line":28,"column":1}}}},"branchMap":{"0":{"loc":{"start":{"line":4,"column":1},"end":{"line":8,"column":2}},"type":"if","locations":[{"start":{"line":4,"column":1},"end":{"line":8,"column":2}},{"start":{"line":6,"column":8},"end":{"line":8,"column":2}}]},"1":{"loc":{"start":{"line":13,"column":1},"end":{"line":25,"column":2}},"type":"switch","locations":[{"start":{"line":14,"column":2},"end":{"line":16,"column":9}},{"start":{"line":17,"column":2},"end":{"line":19,"column":9}},{"start":{"line":20,"column":2},"end":{"line":22,"column":9}},{"start":{"line":23,"column":2},"end":{"line":24,"column":61}}]}},"s":{"0":0,"1":0,"2":0,"3":0,"4":0,"5":0,"6":0,"7":0,"8":0,"9":0,"10":0,"11":0,"12":0,"13":0},"f":{"0":0},"b":{"0":[0,0],"1":[0,0,0,0]}}
,"/home/skinnyk/NoroffFED/WORKFLOW_ca/js/ui/common/updateMainHeading.js": {"path":"/home/skinnyk/NoroffFED/WORKFLOW_ca/js/ui/common/updateMainHeading.js","statementMap":{"0":{"start":{"line":2,"column":17},"end":{"line":2,"column":45}},"1":{"start":{"line":3,"column":1},"end":{"line":5,"column":2}},"2":{"start":{"line":4,"column":2},"end":{"line":4,"column":55}}},"fnMap":{"0":{"name":"updateMainHeading","decl":{"start":{"line":1,"column":16},"end":{"line":1,"column":33}},"loc":{"start":{"line":1,"column":46},"end":{"line":6,"column":1}}}},"branchMap":{"0":{"loc":{"start":{"line":3,"column":1},"end":{"line":5,"column":2}},"type":"if","locations":[{"start":{"line":3,"column":1},"end":{"line":5,"column":2}},{"start":{},"end":{}}]}},"s":{"0":0,"1":0,"2":0},"f":{"0":0},"b":{"0":[0,0]}}
,"/home/skinnyk/NoroffFED/WORKFLOW_ca/js/ui/common/updateTitle.js": {"path":"/home/skinnyk/NoroffFED/WORKFLOW_ca/js/ui/common/updateTitle.js","statementMap":{"0":{"start":{"line":2,"column":1},"end":{"line":2,"column":27}}},"fnMap":{"0":{"name":"updateTitle","decl":{"start":{"line":1,"column":16},"end":{"line":1,"column":27}},"loc":{"start":{"line":1,"column":38},"end":{"line":3,"column":1}}}},"branchMap":{},"s":{"0":0},"f":{"0":0},"b":{}}
,"/home/skinnyk/NoroffFED/WORKFLOW_ca/js/ui/venues/renderVenue.js": {"path":"/home/skinnyk/NoroffFED/WORKFLOW_ca/js/ui/venues/renderVenue.js","statementMap":{"0":{"start":{"line":2,"column":1},"end":{"line":2,"column":26}},"1":{"start":{"line":3,"column":13},"end":{"line":3,"column":42}},"2":{"start":{"line":4,"column":1},"end":{"line":4,"column":26}},"3":{"start":{"line":5,"column":1},"end":{"line":5,"column":22}},"4":{"start":{"line":6,"column":1},"end":{"line":6,"column":23}}},"fnMap":{"0":{"name":"renderVenue","decl":{"start":{"line":1,"column":16},"end":{"line":1,"column":27}},"loc":{"start":{"line":1,"column":46},"end":{"line":7,"column":1}}}},"branchMap":{},"s":{"0":0,"1":0,"2":0,"3":0,"4":0},"f":{"0":0},"b":{}}
,"/home/skinnyk/NoroffFED/WORKFLOW_ca/js/ui/venues/renderVenueList.js": {"path":"/home/skinnyk/NoroffFED/WORKFLOW_ca/js/ui/venues/renderVenueList.js","statementMap":{"0":{"start":{"line":2,"column":1},"end":{"line":4,"column":2}},"1":{"start":{"line":3,"column":2},"end":{"line":3,"column":58}},"2":{"start":{"line":6,"column":23},"end":{"line":6,"column":68}},"3":{"start":{"line":6,"column":45},"end":{"line":6,"column":67}},"4":{"start":{"line":7,"column":1},"end":{"line":7,"column":26}},"5":{"start":{"line":8,"column":1},"end":{"line":8,"column":36}},"6":{"start":{"line":11,"column":24},"end":{"line":22,"column":1}},"7":{"start":{"line":12,"column":23},"end":{"line":12,"column":28}},"8":{"start":{"line":14,"column":14},"end":{"line":14,"column":41}},"9":{"start":{"line":15,"column":1},"end":{"line":15,"column":65}},"10":{"start":{"line":16,"column":1},"end":{"line":16,"column":32}},"11":{"start":{"line":18,"column":18},"end":{"line":18,"column":62}},"12":{"start":{"line":19,"column":1},"end":{"line":19,"column":49}},"13":{"start":{"line":21,"column":1},"end":{"line":21,"column":13}}},"fnMap":{"0":{"name":"renderVenueList","decl":{"start":{"line":1,"column":16},"end":{"line":1,"column":31}},"loc":{"start":{"line":1,"column":51},"end":{"line":9,"column":1}}},"1":{"name":"(anonymous_1)","decl":{"start":{"line":6,"column":34},"end":{"line":6,"column":35}},"loc":{"start":{"line":6,"column":45},"end":{"line":6,"column":67}}},"2":{"name":"(anonymous_2)","decl":{"start":{"line":11,"column":24},"end":{"line":11,"column":25}},"loc":{"start":{"line":11,"column":35},"end":{"line":22,"column":1}}}},"branchMap":{"0":{"loc":{"start":{"line":2,"column":1},"end":{"line":4,"column":2}},"type":"if","locations":[{"start":{"line":2,"column":1},"end":{"line":4,"column":2}},{"start":{},"end":{}}]},"1":{"loc":{"start":{"line":18,"column":18},"end":{"line":18,"column":62}},"type":"binary-expr","locations":[{"start":{"line":18,"column":18},"end":{"line":18,"column":28}},{"start":{"line":18,"column":32},"end":{"line":18,"column":62}}]}},"s":{"0":0,"1":0,"2":0,"3":0,"4":0,"5":0,"6":0,"7":0,"8":0,"9":0,"10":0,"11":0,"12":0,"13":0},"f":{"0":0,"1":0,"2":0},"b":{"0":[0,0],"1":[0,0]}}
,"/home/skinnyk/NoroffFED/WORKFLOW_ca/js/utils/getQueryParam.js": {"path":"/home/skinnyk/NoroffFED/WORKFLOW_ca/js/utils/getQueryParam.js","statementMap":{"0":{"start":{"line":2,"column":21},"end":{"line":2,"column":43}},"1":{"start":{"line":3,"column":16},"end":{"line":3,"column":48}},"2":{"start":{"line":4,"column":1},"end":{"line":4,"column":26}}},"fnMap":{"0":{"name":"getQueryParam","decl":{"start":{"line":1,"column":16},"end":{"line":1,"column":29}},"loc":{"start":{"line":1,"column":37},"end":{"line":5,"column":1}}}},"branchMap":{},"s":{"0":0,"1":0,"2":0},"f":{"0":0},"b":{}}
,"/home/skinnyk/NoroffFED/WORKFLOW_ca/js/utils/storage.js": {"path":"/home/skinnyk/NoroffFED/WORKFLOW_ca/js/utils/storage.js","statementMap":{"0":{"start":{"line":1,"column":17},"end":{"line":1,"column":24}},"1":{"start":{"line":2,"column":16},"end":{"line":2,"column":22}},"2":{"start":{"line":5,"column":1},"end":{"line":5,"column":32}},"3":{"start":{"line":9,"column":1},"end":{"line":9,"column":33}},"4":{"start":{"line":13,"column":1},"end":{"line":13,"column":30}},"5":{"start":{"line":17,"column":14},"end":{"line":17,"column":37}},"6":{"start":{"line":18,"column":1},"end":{"line":18,"column":32}},"7":{"start":{"line":22,"column":1},"end":{"line":22,"column":30}},"8":{"start":{"line":26,"column":1},"end":{"line":26,"column":22}},"9":{"start":{"line":30,"column":1},"end":{"line":30,"column":50}},"10":{"start":{"line":34,"column":15},"end":{"line":34,"column":40}},"11":{"start":{"line":35,"column":1},"end":{"line":35,"column":41}}},"fnMap":{"0":{"name":"saveToken","decl":{"start":{"line":4,"column":16},"end":{"line":4,"column":25}},"loc":{"start":{"line":4,"column":33},"end":{"line":6,"column":1}}},"1":{"name":"getToken","decl":{"start":{"line":8,"column":16},"end":{"line":8,"column":24}},"loc":{"start":{"line":8,"column":27},"end":{"line":10,"column":1}}},"2":{"name":"saveUser","decl":{"start":{"line":12,"column":16},"end":{"line":12,"column":24}},"loc":{"start":{"line":12,"column":31},"end":{"line":14,"column":1}}},"3":{"name":"getUsername","decl":{"start":{"line":16,"column":16},"end":{"line":16,"column":27}},"loc":{"start":{"line":16,"column":30},"end":{"line":19,"column":1}}},"4":{"name":"clearKey","decl":{"start":{"line":21,"column":16},"end":{"line":21,"column":24}},"loc":{"start":{"line":21,"column":30},"end":{"line":23,"column":1}}},"5":{"name":"clearStorage","decl":{"start":{"line":25,"column":16},"end":{"line":25,"column":28}},"loc":{"start":{"line":25,"column":31},"end":{"line":27,"column":1}}},"6":{"name":"saveToStorage","decl":{"start":{"line":29,"column":9},"end":{"line":29,"column":22}},"loc":{"start":{"line":29,"column":35},"end":{"line":31,"column":1}}},"7":{"name":"getFromStorage","decl":{"start":{"line":33,"column":9},"end":{"line":33,"column":23}},"loc":{"start":{"line":33,"column":29},"end":{"line":36,"column":1}}}},"branchMap":{"0":{"loc":{"start":{"line":18,"column":8},"end":{"line":18,"column":31}},"type":"cond-expr","locations":[{"start":{"line":18,"column":15},"end":{"line":18,"column":24}},{"start":{"line":18,"column":27},"end":{"line":18,"column":31}}]},"1":{"loc":{"start":{"line":35,"column":8},"end":{"line":35,"column":40}},"type":"cond-expr","locations":[{"start":{"line":35,"column":16},"end":{"line":35,"column":33}},{"start":{"line":35,"column":36},"end":{"line":35,"column":40}}]}},"s":{"0":0,"1":0,"2":0,"3":0,"4":0,"5":0,"6":0,"7":0,"8":0,"9":0,"10":0,"11":0},"f":{"0":0,"1":0,"2":0,"3":0,"4":0,"5":0,"6":0,"7":0},"b":{"0":[0,0],"1":[0,0]}}
,"/home/skinnyk/NoroffFED/WORKFLOW_ca/js/utils/userInterface.js": {"path":"/home/skinnyk/NoroffFED/WORKFLOW_ca/js/utils/userInterface.js","statementMap":{"0":{"start":{"line":1,"column":28},"end":{"line":7,"column":1}},"1":{"start":{"line":2,"column":1},"end":{"line":6,"column":2}},"2":{"start":{"line":3,"column":2},"end":{"line":3,"column":62}},"3":{"start":{"line":5,"column":2},"end":{"line":5,"column":36}}},"fnMap":{"0":{"name":"(anonymous_0)","decl":{"start":{"line":1,"column":28},"end":{"line":1,"column":29}},"loc":{"start":{"line":1,"column":51},"end":{"line":7,"column":1}}}},"branchMap":{"0":{"loc":{"start":{"line":2,"column":1},"end":{"line":6,"column":2}},"type":"if","locations":[{"start":{"line":2,"column":1},"end":{"line":6,"column":2}},{"start":{"line":4,"column":8},"end":{"line":6,"column":2}}]},"1":{"loc":{"start":{"line":3,"column":9},"end":{"line":3,"column":61}},"type":"binary-expr","locations":[{"start":{"line":3,"column":9},"end":{"line":3,"column":28}},{"start":{"line":3,"column":32},"end":{"line":3,"column":61}}]}},"s":{"0":0,"1":0,"2":0,"3":0},"f":{"0":0},"b":{"0":[0,0],"1":[0,0]}}
,"/home/skinnyk/NoroffFED/WORKFLOW_ca/js/utils/validation.js": {"path":"/home/skinnyk/NoroffFED/WORKFLOW_ca/js/utils/validation.js","statementMap":{"0":{"start":{"line":2,"column":20},"end":{"line":2,"column":61}},"1":{"start":{"line":3,"column":1},"end":{"line":3,"column":31}},"2":{"start":{"line":7,"column":1},"end":{"line":7,"column":29}},"3":{"start":{"line":11,"column":16},"end":{"line":11,"column":18}},"4":{"start":{"line":13,"column":1},"end":{"line":17,"column":2}},"5":{"start":{"line":14,"column":2},"end":{"line":16,"column":4}},"6":{"start":{"line":19,"column":1},"end":{"line":21,"column":2}},"7":{"start":{"line":20,"column":2},"end":{"line":20,"column":62}},"8":{"start":{"line":23,"column":1},"end":{"line":26,"column":3}}},"fnMap":{"0":{"name":"validateEmail","decl":{"start":{"line":1,"column":16},"end":{"line":1,"column":29}},"loc":{"start":{"line":1,"column":37},"end":{"line":4,"column":1}}},"1":{"name":"validatePassword","decl":{"start":{"line":6,"column":16},"end":{"line":6,"column":32}},"loc":{"start":{"line":6,"column":43},"end":{"line":8,"column":1}}},"2":{"name":"validateLoginForm","decl":{"start":{"line":10,"column":16},"end":{"line":10,"column":33}},"loc":{"start":{"line":10,"column":51},"end":{"line":27,"column":1}}}},"branchMap":{"0":{"loc":{"start":{"line":13,"column":1},"end":{"line":17,"column":2}},"type":"if","locations":[{"start":{"line":13,"column":1},"end":{"line":17,"column":2}},{"start":{},"end":{}}]},"1":{"loc":{"start":{"line":19,"column":1},"end":{"line":21,"column":2}},"type":"if","locations":[{"start":{"line":19,"column":1},"end":{"line":21,"column":2}},{"start":{},"end":{}}]}},"s":{"0":0,"1":0,"2":0,"3":0,"4":0,"5":0,"6":0,"7":0,"8":0},"f":{"0":0,"1":0,"2":0},"b":{"0":[0,0],"1":[0,0]}}
}
